<?xml version="1.0" encoding="UTF-8"?>
<testsuite name="com.example.bills.billspayment_demo.BillspaymentDemoApplicationTests" tests="1" skipped="0" failures="0" errors="0" timestamp="2019-06-26T02:14:22" hostname="APM3LC02Y110RJGH5" time="0.039">
  <properties/>
  <testcase name="contextLoads" classname="com.example.bills.billspayment_demo.BillspaymentDemoApplicationTests" time="0.039"/>
  <system-out><![CDATA[10:14:17.596 [Test worker] DEBUG org.springframework.test.context.junit4.SpringJUnit4ClassRunner - SpringJUnit4ClassRunner constructor called with [class com.example.bills.billspayment_demo.BillspaymentDemoApplicationTests]
10:14:17.603 [Test worker] DEBUG org.springframework.test.context.BootstrapUtils - Instantiating CacheAwareContextLoaderDelegate from class [org.springframework.test.context.cache.DefaultCacheAwareContextLoaderDelegate]
10:14:17.611 [Test worker] DEBUG org.springframework.test.context.BootstrapUtils - Instantiating BootstrapContext using constructor [public org.springframework.test.context.support.DefaultBootstrapContext(java.lang.Class,org.springframework.test.context.CacheAwareContextLoaderDelegate)]
10:14:17.629 [Test worker] DEBUG org.springframework.test.context.BootstrapUtils - Instantiating TestContextBootstrapper for test class [com.example.bills.billspayment_demo.BillspaymentDemoApplicationTests] from class [org.springframework.boot.test.context.SpringBootTestContextBootstrapper]
10:14:17.639 [Test worker] INFO org.springframework.boot.test.context.SpringBootTestContextBootstrapper - Neither @ContextConfiguration nor @ContextHierarchy found for test class [com.example.bills.billspayment_demo.BillspaymentDemoApplicationTests], using SpringBootContextLoader
10:14:17.641 [Test worker] DEBUG org.springframework.test.context.support.AbstractContextLoader - Did not detect default resource location for test class [com.example.bills.billspayment_demo.BillspaymentDemoApplicationTests]: class path resource [com/example/bills/billspayment_demo/BillspaymentDemoApplicationTests-context.xml] does not exist
10:14:17.642 [Test worker] DEBUG org.springframework.test.context.support.AbstractContextLoader - Did not detect default resource location for test class [com.example.bills.billspayment_demo.BillspaymentDemoApplicationTests]: class path resource [com/example/bills/billspayment_demo/BillspaymentDemoApplicationTestsContext.groovy] does not exist
10:14:17.642 [Test worker] INFO org.springframework.test.context.support.AbstractContextLoader - Could not detect default resource locations for test class [com.example.bills.billspayment_demo.BillspaymentDemoApplicationTests]: no resource found for suffixes {-context.xml, Context.groovy}.
10:14:17.643 [Test worker] INFO org.springframework.test.context.support.AnnotationConfigContextLoaderUtils - Could not detect default configuration classes for test class [com.example.bills.billspayment_demo.BillspaymentDemoApplicationTests]: BillspaymentDemoApplicationTests does not declare any static, non-private, non-final, nested classes annotated with @Configuration.
10:14:17.676 [Test worker] DEBUG org.springframework.test.context.support.ActiveProfilesUtils - Could not find an 'annotation declaring class' for annotation type [org.springframework.test.context.ActiveProfiles] and class [com.example.bills.billspayment_demo.BillspaymentDemoApplicationTests]
10:14:17.742 [Test worker] DEBUG org.springframework.context.annotation.ClassPathScanningCandidateComponentProvider - Identified candidate component class: file [/Users/christopherjamesmabbagu/IdeaProjects/billspayment_demo/build/classes/java/main/com/example/bills/billspayment_demo/BillspaymentDemoApplication.class]
10:14:17.751 [Test worker] INFO org.springframework.boot.test.context.SpringBootTestContextBootstrapper - Found @SpringBootConfiguration com.example.bills.billspayment_demo.BillspaymentDemoApplication for test class com.example.bills.billspayment_demo.BillspaymentDemoApplicationTests
10:14:17.836 [Test worker] DEBUG org.springframework.boot.test.context.SpringBootTestContextBootstrapper - @TestExecutionListeners is not present for class [com.example.bills.billspayment_demo.BillspaymentDemoApplicationTests]: using defaults.
10:14:17.837 [Test worker] INFO org.springframework.boot.test.context.SpringBootTestContextBootstrapper - Loaded default TestExecutionListener class names from location [META-INF/spring.factories]: [org.springframework.boot.test.autoconfigure.restdocs.RestDocsTestExecutionListener, org.springframework.boot.test.autoconfigure.web.client.MockRestServiceServerResetTestExecutionListener, org.springframework.boot.test.autoconfigure.web.servlet.MockMvcPrintOnlyOnFailureTestExecutionListener, org.springframework.boot.test.autoconfigure.web.servlet.WebDriverTestExecutionListener, org.springframework.boot.test.mock.mockito.MockitoTestExecutionListener, org.springframework.boot.test.mock.mockito.ResetMocksTestExecutionListener, org.springframework.test.context.web.ServletTestExecutionListener, org.springframework.test.context.support.DirtiesContextBeforeModesTestExecutionListener, org.springframework.test.context.support.DependencyInjectionTestExecutionListener, org.springframework.test.context.support.DirtiesContextTestExecutionListener, org.springframework.test.context.transaction.TransactionalTestExecutionListener, org.springframework.test.context.jdbc.SqlScriptsTestExecutionListener]
10:14:17.851 [Test worker] INFO org.springframework.boot.test.context.SpringBootTestContextBootstrapper - Using TestExecutionListeners: [org.springframework.test.context.web.ServletTestExecutionListener@3d6f8e78, org.springframework.test.context.support.DirtiesContextBeforeModesTestExecutionListener@6f0f38, org.springframework.boot.test.mock.mockito.MockitoTestExecutionListener@3b6ece84, org.springframework.boot.test.autoconfigure.SpringBootDependencyInjectionTestExecutionListener@4975fa56, org.springframework.test.context.support.DirtiesContextTestExecutionListener@8a8a14e, org.springframework.test.context.transaction.TransactionalTestExecutionListener@70c669ac, org.springframework.test.context.jdbc.SqlScriptsTestExecutionListener@3d1183de, org.springframework.boot.test.autoconfigure.restdocs.RestDocsTestExecutionListener@5b506960, org.springframework.boot.test.autoconfigure.web.client.MockRestServiceServerResetTestExecutionListener@163f0195, org.springframework.boot.test.autoconfigure.web.servlet.MockMvcPrintOnlyOnFailureTestExecutionListener@557781f7, org.springframework.boot.test.autoconfigure.web.servlet.WebDriverTestExecutionListener@64c9e7f4, org.springframework.boot.test.mock.mockito.ResetMocksTestExecutionListener@3c8a9964]
10:14:17.853 [Test worker] DEBUG org.springframework.test.annotation.ProfileValueUtils - Retrieved @ProfileValueSourceConfiguration [null] for test class [com.example.bills.billspayment_demo.BillspaymentDemoApplicationTests]
10:14:17.854 [Test worker] DEBUG org.springframework.test.annotation.ProfileValueUtils - Retrieved ProfileValueSource type [class org.springframework.test.annotation.SystemProfileValueSource] for class [com.example.bills.billspayment_demo.BillspaymentDemoApplicationTests]
10:14:17.854 [Test worker] DEBUG org.springframework.test.annotation.ProfileValueUtils - Retrieved @ProfileValueSourceConfiguration [null] for test class [com.example.bills.billspayment_demo.BillspaymentDemoApplicationTests]
10:14:17.855 [Test worker] DEBUG org.springframework.test.annotation.ProfileValueUtils - Retrieved ProfileValueSource type [class org.springframework.test.annotation.SystemProfileValueSource] for class [com.example.bills.billspayment_demo.BillspaymentDemoApplicationTests]
10:14:17.859 [Test worker] DEBUG org.springframework.test.context.support.AbstractDirtiesContextTestExecutionListener - Before test class: context [DefaultTestContext@45bdbb5c testClass = BillspaymentDemoApplicationTests, testInstance = [null], testMethod = [null], testException = [null], mergedContextConfiguration = [WebMergedContextConfiguration@1af208ce testClass = BillspaymentDemoApplicationTests, locations = '{}', classes = '{class com.example.bills.billspayment_demo.BillspaymentDemoApplication}', contextInitializerClasses = '[]', activeProfiles = '{}', propertySourceLocations = '{}', propertySourceProperties = '{org.springframework.boot.test.context.SpringBootTestContextBootstrapper=true}', contextCustomizers = set[org.springframework.boot.test.autoconfigure.properties.PropertyMappingContextCustomizer@0, org.springframework.boot.test.autoconfigure.web.servlet.WebDriverContextCustomizerFactory$Customizer@2a185e30, org.springframework.boot.test.context.filter.ExcludeFilterContextCustomizer@2cfb45db, org.springframework.boot.test.json.DuplicateJsonObjectContextCustomizerFactory$DuplicateJsonObjectContextCustomizer@55639e7b, org.springframework.boot.test.mock.mockito.MockitoContextCustomizer@0, org.springframework.boot.test.web.client.TestRestTemplateContextCustomizer@422c2664], resourceBasePath = 'src/main/webapp', contextLoader = 'org.springframework.boot.test.context.SpringBootContextLoader', parent = [null]], attributes = map['org.springframework.test.context.web.ServletTestExecutionListener.activateListener' -> true]], class annotated with @DirtiesContext [false] with mode [null].
10:14:17.859 [Test worker] DEBUG org.springframework.test.annotation.ProfileValueUtils - Retrieved @ProfileValueSourceConfiguration [null] for test class [com.example.bills.billspayment_demo.BillspaymentDemoApplicationTests]
10:14:17.860 [Test worker] DEBUG org.springframework.test.annotation.ProfileValueUtils - Retrieved ProfileValueSource type [class org.springframework.test.annotation.SystemProfileValueSource] for class [com.example.bills.billspayment_demo.BillspaymentDemoApplicationTests]
10:14:17.878 [Test worker] DEBUG org.springframework.test.context.support.TestPropertySourceUtils - Adding inlined properties to environment: {spring.jmx.enabled=false, org.springframework.boot.test.context.SpringBootTestContextBootstrapper=true, server.port=-1}

  .   ____          _            __ _ _
 /\\ / ___'_ __ _ _(_)_ __  __ _ \ \ \ \
( ( )\___ | '_ | '_| | '_ \/ _` | \ \ \ \
 \\/  ___)| |_)| | | | | || (_| |  ) ) ) )
  '  |____| .__|_| |_|_| |_\__, | / / / /
 =========|_|==============|___/=/_/_/_/
 :: Spring Boot ::        (v2.1.3.RELEASE)

2019-06-26 10:14:18.117  INFO 55081 --- [    Test worker] c.e.b.b.BillspaymentDemoApplicationTests : Starting BillspaymentDemoApplicationTests on APM3LC02Y110RJGH5 with PID 55081 (started by christopherjamesmabbagu in /Users/christopherjamesmabbagu/IdeaProjects/billspayment_demo)
2019-06-26 10:14:18.119  INFO 55081 --- [    Test worker] c.e.b.b.BillspaymentDemoApplicationTests : No active profile set, falling back to default profiles: default
2019-06-26 10:14:18.784  INFO 55081 --- [    Test worker] .s.d.r.c.RepositoryConfigurationDelegate : Bootstrapping Spring Data repositories in DEFAULT mode.
2019-06-26 10:14:18.900  INFO 55081 --- [    Test worker] .s.d.r.c.RepositoryConfigurationDelegate : Finished Spring Data repository scanning in 108ms. Found 2 repository interfaces.
2019-06-26 10:14:19.355  INFO 55081 --- [    Test worker] trationDelegate$BeanPostProcessorChecker : Bean 'org.springframework.transaction.annotation.ProxyTransactionManagementConfiguration' of type [org.springframework.transaction.annotation.ProxyTransactionManagementConfiguration$$EnhancerBySpringCGLIB$$5aef5881] is not eligible for getting processed by all BeanPostProcessors (for example: not eligible for auto-proxying)
2019-06-26 10:14:19.544  INFO 55081 --- [    Test worker] com.zaxxer.hikari.HikariDataSource       : HikariPool-1 - Starting...
2019-06-26 10:14:19.759  INFO 55081 --- [    Test worker] com.zaxxer.hikari.HikariDataSource       : HikariPool-1 - Start completed.
2019-06-26 10:14:19.861  INFO 55081 --- [    Test worker] o.hibernate.jpa.internal.util.LogHelper  : HHH000204: Processing PersistenceUnitInfo [
	name: default
	...]
2019-06-26 10:14:19.922  INFO 55081 --- [    Test worker] org.hibernate.Version                    : HHH000412: Hibernate Core {5.3.7.Final}
2019-06-26 10:14:19.923  INFO 55081 --- [    Test worker] org.hibernate.cfg.Environment            : HHH000206: hibernate.properties not found
2019-06-26 10:14:20.077  INFO 55081 --- [    Test worker] o.hibernate.annotations.common.Version   : HCANN000001: Hibernate Commons Annotations {5.0.4.Final}
2019-06-26 10:14:20.266  INFO 55081 --- [    Test worker] org.hibernate.dialect.Dialect            : HHH000400: Using dialect: org.hibernate.dialect.H2Dialect
2019-06-26 10:14:20.972  INFO 55081 --- [    Test worker] o.h.t.schema.internal.SchemaCreatorImpl  : HHH000476: Executing import script 'org.hibernate.tool.schema.internal.exec.ScriptSourceInputNonExistentImpl@4b47d96d'
2019-06-26 10:14:20.975  INFO 55081 --- [    Test worker] j.LocalContainerEntityManagerFactoryBean : Initialized JPA EntityManagerFactory for persistence unit 'default'
2019-06-26 10:14:22.091  INFO 55081 --- [    Test worker] o.s.s.concurrent.ThreadPoolTaskExecutor  : Initializing ExecutorService 'applicationTaskExecutor'
2019-06-26 10:14:22.141  WARN 55081 --- [    Test worker] aWebConfiguration$JpaWebMvcConfiguration : spring.jpa.open-in-view is enabled by default. Therefore, database queries may be performed during view rendering. Explicitly configure spring.jpa.open-in-view to disable this warning
2019-06-26 10:14:22.504  INFO 55081 --- [    Test worker] c.e.b.b.BillspaymentDemoApplicationTests : Started BillspaymentDemoApplicationTests in 4.619 seconds (JVM running for 5.529)
]]></system-out>
  <system-err><![CDATA[]]></system-err>
</testsuite>
